\BOOKMARK [1][-]{section.1}{\376\377\000I\000n\000t\000r\000o\000d\000u\000c\000c\000i\000\363\000\040\000i\000\040\000O\000b\000j\000e\000c\000t\000i\000u\000s}{}% 1
\BOOKMARK [2][-]{subsection.1.1}{\376\377\000C\000o\000n\000t\000e\000x\000t\000\040\000d\000e\000l\000\040\000p\000r\000o\000b\000l\000e\000m\000a}{section.1}% 2
\BOOKMARK [2][-]{subsection.1.2}{\376\377\000O\000b\000j\000e\000c\000t\000i\000u\000s}{section.1}% 3
\BOOKMARK [2][-]{subsection.1.3}{\376\377\000E\000s\000t\000r\000u\000c\000t\000u\000r\000a\000\040\000d\000e\000l\000\040\000d\000o\000c\000u\000m\000e\000n\000t}{section.1}% 4
\BOOKMARK [1][-]{section.2}{\376\377\000D\000e\000f\000i\000n\000i\000c\000i\000\363\000\040\000d\000e\000l\000\040\000p\000r\000o\000b\000l\000e\000m\000a}{}% 5
\BOOKMARK [2][-]{subsection.2.1}{\376\377\000D\000e\000s\000c\000r\000i\000p\000c\000i\000\363\000\040\000g\000e\000n\000e\000r\000a\000l}{section.2}% 6
\BOOKMARK [2][-]{subsection.2.2}{\376\377\000E\000l\000e\000m\000e\000n\000t\000s\000\040\000d\000e\000l\000\040\000p\000r\000o\000b\000l\000e\000m\000a}{section.2}% 7
\BOOKMARK [3][-]{subsubsection.2.2.1}{\376\377\000C\000e\000n\000t\000r\000o\000s\000\040\000d\000e\000\040\000d\000i\000s\000t\000r\000i\000b\000u\000c\000i\000\363}{subsection.2.2}% 8
\BOOKMARK [3][-]{subsubsection.2.2.2}{\376\377\000G\000a\000s\000o\000l\000i\000n\000e\000r\000e\000s}{subsection.2.2}% 9
\BOOKMARK [3][-]{subsubsection.2.2.3}{\376\377\000V\000i\000a\000t\000g\000e\000s}{subsection.2.2}% 10
\BOOKMARK [2][-]{subsection.2.3}{\376\377\000R\000e\000s\000t\000r\000i\000c\000c\000i\000o\000n\000s\000\040\000d\000e\000l\000\040\000p\000r\000o\000b\000l\000e\000m\000a}{section.2}% 11
\BOOKMARK [2][-]{subsection.2.4}{\376\377\000F\000u\000n\000c\000i\000\363\000\040\000d\000e\000\040\000c\000\340\000l\000c\000u\000l\000\040\000d\000e\000\040\000d\000i\000s\000t\000\340\000n\000c\000i\000e\000s}{section.2}% 12
\BOOKMARK [2][-]{subsection.2.5}{\376\377\000C\000r\000i\000t\000e\000r\000i\000s\000\040\000d\000e\000\040\000q\000u\000a\000l\000i\000t\000a\000t}{section.2}% 13
\BOOKMARK [3][-]{subsubsection.2.5.1}{\376\377\000B\000e\000n\000e\000f\000i\000c\000i\000\040\000p\000e\000r\000\040\000p\000e\000t\000i\000c\000i\000\363\000\040\000s\000e\000r\000v\000i\000d\000a}{subsection.2.5}% 14
\BOOKMARK [3][-]{subsubsection.2.5.2}{\376\377\000C\000o\000s\000t\000\040\000d\000e\000l\000s\000\040\000q\000u\000i\000l\000\362\000m\000e\000t\000r\000e\000s}{subsection.2.5}% 15
\BOOKMARK [3][-]{subsubsection.2.5.3}{\376\377\000P\000e\000n\000a\000l\000i\000t\000z\000a\000c\000i\000\363\000\040\000p\000e\000r\000\040\000p\000e\000t\000i\000c\000i\000o\000n\000s\000\040\000n\000o\000\040\000s\000e\000r\000v\000i\000d\000e\000s}{subsection.2.5}% 16
\BOOKMARK [2][-]{subsection.2.6}{\376\377\000P\000e\000r\000\040\000q\000u\000\350\000\040\000\351\000s\000\040\000u\000n\000\040\000p\000r\000o\000b\000l\000e\000m\000a\000\040\000d\000e\000\040\000b\000\372\000s\000q\000u\000e\000d\000a\000\040\000l\000o\000c\000a\000l}{section.2}% 17
\BOOKMARK [1][-]{section.3}{\376\377\000R\000e\000p\000r\000e\000s\000e\000n\000t\000a\000c\000i\000\363\000\040\000d\000e\000\040\000l\000'\000e\000s\000t\000a\000t}{}% 18
\BOOKMARK [2][-]{subsection.3.1}{\376\377\000A\000n\000\340\000l\000i\000s\000i\000\040\000d\000e\000\040\000l\000'\000e\000s\000p\000a\000i\000\040\000d\000e\000\040\000b\000\372\000s\000q\000u\000e\000d\000a}{section.3}% 19
\BOOKMARK [3][-]{subsubsection.3.1.1}{\376\377\000M\000i\000d\000a\000\040\000d\000e\000\040\000l\000'\000e\000s\000p\000a\000i\000\040\000d\000e\000\040\000b\000\372\000s\000q\000u\000e\000d\000a}{subsection.3.1}% 20
\BOOKMARK [2][-]{subsection.3.2}{\376\377\000E\000s\000t\000r\000u\000c\000t\000u\000r\000a\000\040\000d\000e\000\040\000d\000a\000d\000e\000s\000\040\000e\000s\000c\000o\000l\000l\000i\000d\000a}{section.3}% 21
\BOOKMARK [3][-]{subsubsection.3.2.1}{\376\377\000J\000u\000s\000t\000i\000f\000i\000c\000a\000c\000i\000\363\000\040\000d\000e\000\040\000l\000a\000\040\000r\000e\000p\000r\000e\000s\000e\000n\000t\000a\000c\000i\000\363}{subsection.3.2}% 22
\BOOKMARK [3][-]{subsubsection.3.2.2}{\376\377\000C\000o\000m\000p\000o\000n\000e\000n\000t\000s\000\040\000d\000e\000\040\000l\000'\000e\000s\000t\000a\000t}{subsection.3.2}% 23
\BOOKMARK [2][-]{subsection.3.3}{\376\377\000D\000a\000d\000e\000s\000\040\000e\000s\000t\000\340\000t\000i\000q\000u\000e\000s\000\040\000v\000s\000\040\000d\000i\000n\000\340\000m\000i\000q\000u\000e\000s}{section.3}% 24
\BOOKMARK [2][-]{subsection.3.4}{\376\377\000C\000l\000a\000s\000s\000e\000\040\000a\000u\000x\000i\000l\000i\000a\000r\000:\000\040\000V\000i\000a\000t\000g\000e}{section.3}% 25
\BOOKMARK [2][-]{subsection.3.5}{\376\377\000C\000o\000m\000p\000l\000e\000x\000i\000t\000a\000t\000\040\000e\000s\000p\000a\000c\000i\000a\000l}{section.3}% 26
\BOOKMARK [2][-]{subsection.3.6}{\376\377\000O\000p\000e\000r\000a\000c\000i\000o\000n\000s\000\040\000p\000r\000i\000n\000c\000i\000p\000a\000l\000s}{section.3}% 27
\BOOKMARK [2][-]{subsection.3.7}{\376\377\000E\000x\000e\000m\000p\000l\000e\000\040\000d\000'\000e\000s\000t\000a\000t}{section.3}% 28
\BOOKMARK [1][-]{section.4}{\376\377\000O\000p\000e\000r\000a\000d\000o\000r\000s\000\040\000d\000e\000\040\000b\000\372\000s\000q\000u\000e\000d\000a}{}% 29
\BOOKMARK [2][-]{subsection.4.1}{\376\377\000A\000n\000\340\000l\000i\000s\000i\000\040\000d\000e\000l\000s\000\040\000o\000p\000e\000r\000a\000d\000o\000r\000s\000\040\000n\000e\000c\000e\000s\000s\000a\000r\000i\000s}{section.4}% 30
\BOOKMARK [2][-]{subsection.4.2}{\376\377\000C\000o\000n\000j\000u\000n\000t\000s\000\040\000d\000'\000o\000p\000e\000r\000a\000d\000o\000r\000s\000\040\000p\000r\000o\000p\000o\000s\000a\000t\000s}{section.4}% 31
\BOOKMARK [3][-]{subsubsection.4.2.1}{\376\377\000C\000o\000n\000j\000u\000n\000t\000\040\000A\000:\000\040\000O\000p\000e\000r\000a\000d\000o\000r\000s\000\040\000b\000\340\000s\000i\000c\000s}{subsection.4.2}% 32
\BOOKMARK [3][-]{subsubsection.4.2.2}{\376\377\000C\000o\000n\000j\000u\000n\000t\000\040\000B\000:\000\040\000O\000p\000e\000r\000a\000d\000o\000r\000s\000\040\000a\000v\000a\000n\000\347\000a\000t\000s}{subsection.4.2}% 33
\BOOKMARK [2][-]{subsection.4.3}{\376\377\000O\000p\000e\000r\000a\000d\000o\000r\000s\000\040\000e\000s\000c\000o\000l\000l\000i\000t\000s\000\040\000\050\000C\000o\000n\000j\000u\000n\000t\000\040\000f\000i\000n\000a\000l\000\051}{section.4}% 34
\BOOKMARK [2][-]{subsection.4.4}{\376\377\000D\000e\000s\000c\000r\000i\000p\000c\000i\000\363\000\040\000d\000e\000t\000a\000l\000l\000a\000d\000a\000\040\000d\000e\000l\000s\000\040\000o\000p\000e\000r\000a\000d\000o\000r\000s}{section.4}% 35
\BOOKMARK [3][-]{subsubsection.4.4.1}{\376\377\000A\000d\000d\000P\000e\000t\000i\000c\000i\000o}{subsection.4.4}% 36
\BOOKMARK [3][-]{subsubsection.4.4.2}{\376\377\000R\000e\000m\000o\000v\000e\000P\000e\000t\000i\000c\000i\000o}{subsection.4.4}% 37
\BOOKMARK [3][-]{subsubsection.4.4.3}{\376\377\000M\000o\000v\000e\000P\000e\000t\000i\000c\000i\000o}{subsection.4.4}% 38
\BOOKMARK [3][-]{subsubsection.4.4.4}{\376\377\000S\000w\000a\000p\000P\000e\000t\000i\000c\000i\000o\000n\000s}{subsection.4.4}% 39
\BOOKMARK [2][-]{subsection.4.5}{\376\377\000F\000a\000c\000t\000o\000r\000\040\000d\000e\000\040\000r\000a\000m\000i\000f\000i\000c\000a\000c\000i\000\363\000\040\000t\000o\000t\000a\000l}{section.4}% 40
\BOOKMARK [2][-]{subsection.4.6}{\376\377\000C\000o\000n\000n\000e\000c\000t\000i\000v\000i\000t\000a\000t\000\040\000d\000e\000\040\000l\000'\000e\000s\000p\000a\000i\000\040\000d\000e\000\040\000b\000\372\000s\000q\000u\000e\000d\000a}{section.4}% 41
\BOOKMARK [2][-]{subsection.4.7}{\376\377\000I\000m\000p\000l\000e\000m\000e\000n\000t\000a\000c\000i\000\363\000\040\000p\000e\000r\000\040\000H\000i\000l\000l\000\040\000C\000l\000i\000m\000b\000i\000n\000g\000\040\000v\000s\000\040\000S\000i\000m\000u\000l\000a\000t\000e\000d\000\040\000A\000n\000n\000e\000a\000l\000i\000n\000g}{section.4}% 42
\BOOKMARK [3][-]{subsubsection.4.7.1}{\376\377\000H\000i\000l\000l\000\040\000C\000l\000i\000m\000b\000i\000n\000g}{subsection.4.7}% 43
\BOOKMARK [3][-]{subsubsection.4.7.2}{\376\377\000S\000i\000m\000u\000l\000a\000t\000e\000d\000\040\000A\000n\000n\000e\000a\000l\000i\000n\000g}{subsection.4.7}% 44
\BOOKMARK [1][-]{section.5}{\376\377\000E\000s\000t\000r\000a\000t\000\350\000g\000i\000e\000s\000\040\000d\000e\000\040\000g\000e\000n\000e\000r\000a\000c\000i\000\363\000\040\000d\000e\000\040\000l\000a\000\040\000s\000o\000l\000u\000c\000i\000\363\000\040\000i\000n\000i\000c\000i\000a\000l}{}% 45
\BOOKMARK [2][-]{subsection.5.1}{\376\377\000I\000m\000p\000o\000r\000t\000\340\000n\000c\000i\000a\000\040\000d\000e\000\040\000l\000a\000\040\000s\000o\000l\000u\000c\000i\000\363\000\040\000i\000n\000i\000c\000i\000a\000l}{section.5}% 46
\BOOKMARK [2][-]{subsection.5.2}{\376\377\000E\000s\000t\000r\000a\000t\000\350\000g\000i\000e\000s\000\040\000p\000r\000o\000p\000o\000s\000a\000d\000e\000s}{section.5}% 47
\BOOKMARK [3][-]{subsubsection.5.2.1}{\376\377\000E\000s\000t\000r\000a\000t\000\350\000g\000i\000a\000\040\0001\000:\000\040\000S\000o\000l\000u\000c\000i\000\363\000\040\000b\000u\000i\000d\000a}{subsection.5.2}% 48
\BOOKMARK [3][-]{subsubsection.5.2.2}{\376\377\000E\000s\000t\000r\000a\000t\000\350\000g\000i\000a\000\040\0002\000:\000\040\000A\000s\000s\000i\000g\000n\000a\000c\000i\000\363\000\040\000a\000l\000e\000a\000t\000\362\000r\000i\000a}{subsection.5.2}% 49
\BOOKMARK [3][-]{subsubsection.5.2.3}{\376\377\000E\000s\000t\000r\000a\000t\000\350\000g\000i\000a\000\040\0003\000:\000\040\000A\000s\000s\000i\000g\000n\000a\000c\000i\000\363\000\040\000a\000v\000a\000r\000i\000c\000i\000o\000s\000a\000\040\000p\000e\000r\000\040\000b\000e\000n\000e\000f\000i\000c\000i}{subsection.5.2}% 50
\BOOKMARK [3][-]{subsubsection.5.2.4}{\376\377\000E\000s\000t\000r\000a\000t\000\350\000g\000i\000a\000\040\0004\000:\000\040\000A\000s\000s\000i\000g\000n\000a\000c\000i\000\363\000\040\000a\000v\000a\000r\000i\000c\000i\000o\000s\000a\000\040\000p\000e\000r\000\040\000p\000r\000o\000x\000i\000m\000i\000t\000a\000t\000\040\000g\000e\000o\000g\000r\000\340\000f\000i\000c\000a}{subsection.5.2}% 51
\BOOKMARK [2][-]{subsection.5.3}{\376\377\000C\000o\000m\000p\000a\000r\000a\000c\000i\000\363\000\040\000t\000e\000\362\000r\000i\000c\000a\000\040\000d\000e\000\040\000l\000e\000s\000\040\000e\000s\000t\000r\000a\000t\000\350\000g\000i\000e\000s}{section.5}% 52
\BOOKMARK [2][-]{subsection.5.4}{\376\377\000E\000s\000t\000r\000a\000t\000\350\000g\000i\000e\000s\000\040\000e\000s\000c\000o\000l\000l\000i\000d\000e\000s\000\040\000p\000e\000r\000\040\000e\000x\000p\000e\000r\000i\000m\000e\000n\000t\000a\000c\000i\000\363}{section.5}% 53
\BOOKMARK [2][-]{subsection.5.5}{\376\377\000I\000m\000p\000l\000e\000m\000e\000n\000t\000a\000c\000i\000\363\000\040\000d\000e\000\040\000l\000a\000\040\000s\000o\000l\000u\000c\000i\000\363\000\040\000e\000s\000c\000o\000l\000l\000i\000d\000a}{section.5}% 54
\BOOKMARK [2][-]{subsection.5.6}{\376\377\000E\000x\000p\000e\000c\000t\000a\000t\000i\000v\000e\000s\000\040\000p\000e\000r\000\040\000a\000\040\000l\000'\000e\000x\000p\000e\000r\000i\000m\000e\000n\000t\000a\000c\000i\000\363}{section.5}% 55
\BOOKMARK [1][-]{section.6}{\376\377\000F\000u\000n\000c\000i\000\363\000\040\000h\000e\000u\000r\000\355\000s\000t\000i\000c\000a}{}% 56
\BOOKMARK [2][-]{subsection.6.1}{\376\377\000O\000b\000j\000e\000c\000t\000i\000u\000\040\000d\000e\000\040\000l\000a\000\040\000f\000u\000n\000c\000i\000\363\000\040\000h\000e\000u\000r\000\355\000s\000t\000i\000c\000a}{section.6}% 57
\BOOKMARK [2][-]{subsection.6.2}{\376\377\000F\000a\000c\000t\000o\000r\000s\000\040\000q\000u\000e\000\040\000i\000n\000t\000e\000r\000v\000e\000n\000e\000n}{section.6}% 58
\BOOKMARK [3][-]{subsubsection.6.2.1}{\376\377\000B\000e\000n\000e\000f\000i\000c\000i\000\040\000d\000e\000\040\000l\000e\000s\000\040\000p\000e\000t\000i\000c\000i\000o\000n\000s\000\040\000s\000e\000r\000v\000i\000d\000e\000s}{subsection.6.2}% 59
\BOOKMARK [3][-]{subsubsection.6.2.2}{\376\377\000P\000e\000n\000a\000l\000i\000t\000z\000a\000c\000i\000\363\000\040\000d\000e\000\040\000l\000e\000s\000\040\000p\000e\000t\000i\000c\000i\000o\000n\000s\000\040\000n\000o\000\040\000s\000e\000r\000v\000i\000d\000e\000s}{subsection.6.2}% 60
\BOOKMARK [3][-]{subsubsection.6.2.3}{\376\377\000C\000o\000s\000t\000\040\000d\000e\000l\000s\000\040\000q\000u\000i\000l\000\362\000m\000e\000t\000r\000e\000s}{subsection.6.2}% 61
\BOOKMARK [2][-]{subsection.6.3}{\376\377\000F\000u\000n\000c\000i\000o\000n\000s\000\040\000h\000e\000u\000r\000\355\000s\000t\000i\000q\000u\000e\000s\000\040\000p\000r\000o\000p\000o\000s\000a\000d\000e\000s}{section.6}% 62
\BOOKMARK [3][-]{subsubsection.6.3.1}{\376\377\000H\000e\000u\000r\000\355\000s\000t\000i\000c\000a\000\040\000H\0001\000:\000\040\000N\000o\000m\000\351\000s\000\040\000b\000e\000n\000e\000f\000i\000c\000i}{subsection.6.3}% 63
\BOOKMARK [3][-]{subsubsection.6.3.2}{\376\377\000H\000e\000u\000r\000\355\000s\000t\000i\000c\000a\000\040\000H\0002\000:\000\040\000B\000e\000n\000e\000f\000i\000c\000i\000\040\000a\000m\000b\000\040\000p\000e\000n\000a\000l\000i\000t\000z\000a\000c\000i\000\363}{subsection.6.3}% 64
\BOOKMARK [3][-]{subsubsection.6.3.3}{\376\377\000H\000e\000u\000r\000\355\000s\000t\000i\000c\000a\000\040\000H\0003\000:\000\040\000B\000e\000n\000e\000f\000i\000c\000i\000\040\000a\000m\000b\000\040\000p\000o\000n\000d\000e\000r\000a\000c\000i\000o\000n\000s}{subsection.6.3}% 65
\BOOKMARK [2][-]{subsection.6.4}{\376\377\000A\000n\000\340\000l\000i\000s\000i\000\040\000d\000e\000\040\000l\000e\000s\000\040\000p\000o\000n\000d\000e\000r\000a\000c\000i\000o\000n\000s}{section.6}% 66
\BOOKMARK [3][-]{subsubsection.6.4.1}{\376\377\000E\000s\000c\000a\000l\000a\000\040\000d\000e\000l\000s\000\040\000f\000a\000c\000t\000o\000r\000s}{subsection.6.4}% 67
\BOOKMARK [3][-]{subsubsection.6.4.2}{\376\377\000J\000u\000s\000t\000i\000f\000i\000c\000a\000c\000i\000\363\000\040\000d\000e\000\040\000=\000\040\0000\000.\0005}{subsection.6.4}% 68
\BOOKMARK [2][-]{subsection.6.5}{\376\377\000H\000e\000u\000r\000\355\000s\000t\000i\000c\000a\000\040\000e\000s\000c\000o\000l\000l\000i\000d\000a}{section.6}% 69
\BOOKMARK [2][-]{subsection.6.6}{\376\377\000I\000m\000p\000l\000e\000m\000e\000n\000t\000a\000c\000i\000\363}{section.6}% 70
\BOOKMARK [2][-]{subsection.6.7}{\376\377\000P\000r\000o\000p\000i\000e\000t\000a\000t\000s\000\040\000d\000e\000\040\000l\000a\000\040\000h\000e\000u\000r\000\355\000s\000t\000i\000c\000a}{section.6}% 71
\BOOKMARK [3][-]{subsubsection.6.7.1}{\376\377\000M\000o\000n\000o\000t\000o\000n\000i\000c\000i\000t\000a\000t\000\040\000l\000o\000c\000a\000l}{subsection.6.7}% 72
\BOOKMARK [3][-]{subsubsection.6.7.2}{\376\377\000S\000e\000n\000s\000i\000b\000i\000l\000i\000t\000a\000t\000\040\000a\000l\000s\000\040\000o\000p\000e\000r\000a\000d\000o\000r\000s}{subsection.6.7}% 73
\BOOKMARK [2][-]{subsection.6.8}{\376\377\000A\000l\000t\000e\000r\000n\000a\000t\000i\000v\000e\000s\000\040\000c\000o\000n\000s\000i\000d\000e\000r\000a\000d\000e\000s\000\040\000i\000\040\000d\000e\000s\000c\000a\000r\000t\000a\000d\000e\000s}{section.6}% 74
\BOOKMARK [3][-]{subsubsection.6.8.1}{\376\377\000H\000e\000u\000r\000\355\000s\000t\000i\000c\000a\000\040\000b\000a\000s\000a\000d\000a\000\040\000n\000o\000m\000\351\000s\000\040\000e\000n\000\040\000q\000u\000i\000l\000\362\000m\000e\000t\000r\000e\000s}{subsection.6.8}% 75
\BOOKMARK [3][-]{subsubsection.6.8.2}{\376\377\000H\000e\000u\000r\000\355\000s\000t\000i\000c\000a\000\040\000b\000a\000s\000a\000d\000a\000\040\000e\000n\000\040\000n\000o\000m\000b\000r\000e\000\040\000d\000e\000\040\000p\000e\000t\000i\000c\000i\000o\000n\000s}{subsection.6.8}% 76
\BOOKMARK [3][-]{subsubsection.6.8.3}{\376\377\000H\000e\000u\000r\000\355\000s\000t\000i\000c\000a\000\040\000m\000u\000l\000t\000i\000-\000o\000b\000j\000e\000c\000t\000i\000u\000\040\000a\000m\000b\000\040\000P\000a\000r\000e\000t\000o}{subsection.6.8}% 77
\BOOKMARK [2][-]{subsection.6.9}{\376\377\000E\000x\000p\000e\000c\000t\000a\000t\000i\000v\000e\000s\000\040\000p\000e\000r\000\040\000a\000\040\000l\000'\000e\000x\000p\000e\000r\000i\000m\000e\000n\000t\000a\000c\000i\000\363}{section.6}% 78
\BOOKMARK [3][-]{subsubsection.6.9.1}{\376\377\000C\000o\000n\000f\000i\000g\000u\000r\000a\000c\000i\000\363}{subsection.6.9}% 79
\BOOKMARK [3][-]{subsubsection.6.9.2}{\376\377\000R\000e\000s\000u\000l\000t\000a\000t\000s}{subsection.6.9}% 80
\BOOKMARK [3][-]{subsubsection.6.9.3}{\376\377\000D\000e\000t\000a\000l\000l\000\040\000p\000e\000r\000\040\000c\000a\000m\000i\000\363}{subsection.6.9}% 81
\BOOKMARK [3][-]{subsubsection.6.9.4}{\376\377\000A\000n\000\340\000l\000i\000s\000i}{subsection.6.9}% 82
\BOOKMARK [2][-]{subsection.6.10}{\376\377\000C\000o\000m\000p\000a\000r\000a\000c\000i\000\363\000\040\000H\000i\000l\000l\000\040\000C\000l\000i\000m\000b\000i\000n\000g\000\040\000v\000s\000\040\000S\000i\000m\000u\000l\000a\000t\000e\000d\000\040\000A\000n\000n\000e\000a\000l\000i\000n\000g}{section.6}% 83
\BOOKMARK [3][-]{subsubsection.6.10.1}{\376\377\000R\000e\000s\000u\000m\000\040\000c\000o\000m\000p\000a\000r\000a\000t\000i\000u}{subsection.6.10}% 84
\BOOKMARK [3][-]{subsubsection.6.10.2}{\376\377\000A\000n\000\340\000l\000i\000s\000i\000\040\000e\000s\000t\000a\000d\000\355\000s\000t\000i\000c\000a}{subsection.6.10}% 85
\BOOKMARK [3][-]{subsubsection.6.10.3}{\376\377\000C\000a\000p\000a\000c\000i\000t\000a\000t\000\040\000d\000'\000e\000s\000c\000a\000p\000a\000r\000\040\000d\000'\000\362\000p\000t\000i\000m\000s\000\040\000l\000o\000c\000a\000l\000s}{subsection.6.10}% 86
\BOOKMARK [2][-]{subsection.6.11}{\376\377\000S\000\355\000n\000t\000e\000s\000i\000\040\000d\000e\000l\000s\000\040\000r\000e\000s\000u\000l\000t\000a\000t\000s\000\040\000e\000x\000p\000e\000r\000i\000m\000e\000n\000t\000a\000l\000s}{section.6}% 87
\BOOKMARK [3][-]{subsubsection.6.11.1}{\376\377\000D\000e\000c\000i\000s\000i\000o\000n\000s\000\040\000v\000a\000l\000i\000d\000a\000d\000e\000s}{subsection.6.11}% 88
\BOOKMARK [3][-]{subsubsection.6.11.2}{\376\377\000C\000o\000n\000c\000l\000u\000s\000i\000o\000n\000s\000\040\000s\000o\000b\000r\000e\000\040\000e\000l\000\040\000p\000r\000o\000b\000l\000e\000m\000a}{subsection.6.11}% 89
\BOOKMARK [3][-]{subsubsection.6.11.3}{\376\377\000L\000l\000i\000\347\000o\000n\000s\000\040\000a\000p\000r\000e\000s\000e\000s}{subsection.6.11}% 90
\BOOKMARK [2][-]{subsection.6.12}{\376\377\000V\000a\000l\000i\000d\000a\000c\000i\000\363\000\040\000d\000e\000\040\000l\000e\000s\000\040\000h\000i\000p\000\362\000t\000e\000s\000i\000s\000\040\000i\000n\000i\000c\000i\000a\000l\000s}{section.6}% 91
\BOOKMARK [1][-]{section.7}{\376\377\000E\000x\000p\000e\000r\000i\000m\000e\000n\000t\000a\000c\000i\000\363}{}% 92
\BOOKMARK [2][-]{subsection.7.1}{\376\377\000M\000e\000t\000o\000d\000o\000l\000o\000g\000i\000a\000\040\000e\000x\000p\000e\000r\000i\000m\000e\000n\000t\000a\000l}{section.7}% 93
\BOOKMARK [3][-]{subsubsection.7.1.1}{\376\377\000C\000o\000n\000d\000i\000c\000i\000o\000n\000s\000\040\000g\000e\000n\000e\000r\000a\000l\000s}{subsection.7.1}% 94
\BOOKMARK [3][-]{subsubsection.7.1.2}{\376\377\000E\000s\000c\000e\000n\000a\000r\000i\000\040\000b\000a\000s\000e}{subsection.7.1}% 95
\BOOKMARK [2][-]{subsection.7.2}{\376\377\000E\000x\000p\000e\000r\000i\000m\000e\000n\000t\000\040\0001\000:\000\040\000C\000o\000m\000p\000a\000r\000a\000c\000i\000\363\000\040\000d\000'\000o\000p\000e\000r\000a\000d\000o\000r\000s}{section.7}% 96
\BOOKMARK [3][-]{subsubsection.7.2.1}{\376\377\000O\000b\000j\000e\000c\000t\000i\000u}{subsection.7.2}% 97
\BOOKMARK [3][-]{subsubsection.7.2.2}{\376\377\000C\000o\000n\000f\000i\000g\000u\000r\000a\000c\000i\000\363}{subsection.7.2}% 98
\BOOKMARK [3][-]{subsubsection.7.2.3}{\376\377\000R\000e\000s\000u\000l\000t\000a\000t\000s}{subsection.7.2}% 99
\BOOKMARK [3][-]{subsubsection.7.2.4}{\376\377\000A\000n\000\340\000l\000i\000s\000i}{subsection.7.2}% 100
\BOOKMARK [2][-]{subsection.7.3}{\376\377\000E\000x\000p\000e\000r\000i\000m\000e\000n\000t\000\040\0002\000:\000\040\000C\000o\000m\000p\000a\000r\000a\000c\000i\000\363\000\040\000d\000e\000\040\000s\000o\000l\000u\000c\000i\000o\000n\000s\000\040\000i\000n\000i\000c\000i\000a\000l\000s}{section.7}% 101
\BOOKMARK [3][-]{subsubsection.7.3.1}{\376\377\000O\000b\000j\000e\000c\000t\000i\000u}{subsection.7.3}% 102
\BOOKMARK [3][-]{subsubsection.7.3.2}{\376\377\000C\000o\000n\000f\000i\000g\000u\000r\000a\000c\000i\000\363}{subsection.7.3}% 103
\BOOKMARK [3][-]{subsubsection.7.3.3}{\376\377\000R\000e\000s\000u\000l\000t\000a\000t\000s}{subsection.7.3}% 104
\BOOKMARK [3][-]{subsubsection.7.3.4}{\376\377\000A\000n\000\340\000l\000i\000s\000i}{subsection.7.3}% 105
\BOOKMARK [2][-]{subsection.7.4}{\376\377\000E\000x\000p\000e\000r\000i\000m\000e\000n\000t\000\040\0003\000:\000\040\000A\000j\000u\000s\000t\000\040\000d\000e\000\040\000p\000a\000r\000\340\000m\000e\000t\000r\000e\000s\000\040\000d\000e\000l\000\040\000S\000i\000m\000u\000l\000a\000t\000e\000d\000\040\000A\000n\000n\000e\000a\000l\000i\000n\000g}{section.7}% 106
\BOOKMARK [3][-]{subsubsection.7.4.1}{\376\377\000O\000b\000j\000e\000c\000t\000i\000u}{subsection.7.4}% 107
\BOOKMARK [3][-]{subsubsection.7.4.2}{\376\377\000C\000o\000n\000f\000i\000g\000u\000r\000a\000c\000i\000\363}{subsection.7.4}% 108
\BOOKMARK [3][-]{subsubsection.7.4.3}{\376\377\000P\000a\000r\000\340\000m\000e\000t\000r\000e\000s\000\040\000e\000x\000p\000l\000o\000r\000a\000t\000s}{subsection.7.4}% 109
\BOOKMARK [3][-]{subsubsection.7.4.4}{\376\377\000M\000e\000t\000o\000d\000o\000l\000o\000g\000i\000a\000\040\000d\000'\000a\000j\000u\000s\000t}{subsection.7.4}% 110
\BOOKMARK [3][-]{subsubsection.7.4.5}{\376\377\000R\000e\000s\000u\000l\000t\000a\000t\000s\000\040\000F\000a\000s\000e\000\040\0001\000:\000\040\000E\000x\000p\000l\000o\000r\000a\000c\000i\000\363\000\040\000i\000n\000i\000c\000i\000a\000l}{subsection.7.4}% 111
\BOOKMARK [3][-]{subsubsection.7.4.6}{\376\377\000A\000n\000\340\000l\000i\000s\000i\000\040\000d\000e\000\040\000l\000a\000\040\000t\000e\000m\000p\000e\000r\000a\000t\000u\000r\000a}{subsection.7.4}% 112
\BOOKMARK [3][-]{subsubsection.7.4.7}{\376\377\000R\000e\000s\000u\000l\000t\000a\000t\000s\000\040\000F\000a\000s\000e\000\040\0003\000:\000\040\000A\000j\000u\000s\000t\000\040\000d\000e\000l\000\040\000n\000o\000m\000b\000r\000e\000\040\000d\000'\000i\000t\000e\000r\000a\000c\000i\000o\000n\000s}{subsection.7.4}% 113
\BOOKMARK [3][-]{subsubsection.7.4.8}{\376\377\000P\000a\000r\000\340\000m\000e\000t\000r\000e\000s\000\040\000f\000i\000n\000a\000l\000s\000\040\000e\000s\000c\000o\000l\000l\000i\000t\000s}{subsection.7.4}% 114
\BOOKMARK [2][-]{subsection.7.5}{\376\377\000E\000x\000p\000e\000r\000i\000m\000e\000n\000t\000\040\0004\000:\000\040\000E\000s\000c\000a\000l\000a\000b\000i\000l\000i\000t\000a\000t\000\040\000t\000e\000m\000p\000o\000r\000a\000l}{section.7}% 115
\BOOKMARK [3][-]{subsubsection.7.5.1}{\376\377\000O\000b\000j\000e\000c\000t\000i\000u}{subsection.7.5}% 116
\BOOKMARK [3][-]{subsubsection.7.5.2}{\376\377\000C\000o\000n\000f\000i\000g\000u\000r\000a\000c\000i\000\363}{subsection.7.5}% 117
\BOOKMARK [3][-]{subsubsection.7.5.3}{\376\377\000R\000e\000s\000u\000l\000t\000a\000t\000s}{subsection.7.5}% 118
\BOOKMARK [3][-]{subsubsection.7.5.4}{\376\377\000A\000n\000\340\000l\000i\000s\000i}{subsection.7.5}% 119
\BOOKMARK [2][-]{subsection.7.6}{\376\377\000E\000x\000p\000e\000r\000i\000m\000e\000n\000t\000\040\0005\000:\000\040\000R\000e\000d\000u\000c\000c\000i\000\363\000\040\000d\000e\000\040\000c\000e\000n\000t\000r\000e\000s\000\040\000a\000m\000b\000\040\000m\000a\000t\000e\000i\000x\000\040\000n\000o\000m\000b\000r\000e\000\040\000d\000e\000\040\000c\000a\000m\000i\000o\000n\000s}{section.7}% 120
\BOOKMARK [3][-]{subsubsection.7.6.1}{\376\377\000O\000b\000j\000e\000c\000t\000i\000u}{subsection.7.6}% 121
\BOOKMARK [3][-]{subsubsection.7.6.2}{\376\377\000C\000o\000n\000f\000i\000g\000u\000r\000a\000c\000i\000\363}{subsection.7.6}% 122
\BOOKMARK [3][-]{subsubsection.7.6.3}{\376\377\000R\000e\000s\000u\000l\000t\000a\000t\000s}{subsection.7.6}% 123
\BOOKMARK [3][-]{subsubsection.7.6.4}{\376\377\000A\000n\000\340\000l\000i\000s\000i}{subsection.7.6}% 124
\BOOKMARK [2][-]{subsection.7.7}{\376\377\000E\000x\000p\000e\000r\000i\000m\000e\000n\000t\000\040\0006\000:\000\040\000V\000a\000r\000i\000a\000c\000i\000\363\000\040\000d\000e\000l\000\040\000c\000o\000s\000t\000\040\000p\000e\000r\000\040\000q\000u\000i\000l\000\362\000m\000e\000t\000r\000e}{section.7}% 125
\BOOKMARK [3][-]{subsubsection.7.7.1}{\376\377\000O\000b\000j\000e\000c\000t\000i\000u}{subsection.7.7}% 126
\BOOKMARK [3][-]{subsubsection.7.7.2}{\376\377\000C\000o\000n\000f\000i\000g\000u\000r\000a\000c\000i\000\363}{subsection.7.7}% 127
\BOOKMARK [3][-]{subsubsection.7.7.3}{\376\377\000R\000e\000s\000u\000l\000t\000a\000t\000s}{subsection.7.7}% 128
\BOOKMARK [3][-]{subsubsection.7.7.4}{\376\377\000A\000n\000\340\000l\000i\000s\000i\000\040\000p\000e\000r\000\040\000p\000r\000o\000p\000o\000r\000c\000i\000\363\000\040\000d\000e\000\040\000d\000i\000e\000s\000\040\000d\000'\000e\000s\000p\000e\000r\000a}{subsection.7.7}% 129
\BOOKMARK [3][-]{subsubsection.7.7.5}{\376\377\000A\000n\000\340\000l\000i\000s\000i}{subsection.7.7}% 130
\BOOKMARK [2][-]{subsection.7.8}{\376\377\000E\000x\000p\000e\000r\000i\000m\000e\000n\000t\000\040\0007\000:\000\040\000V\000a\000r\000i\000a\000c\000i\000\363\000\040\000d\000e\000\040\000l\000e\000s\000\040\000h\000o\000r\000e\000s\000\040\000d\000e\000\040\000t\000r\000e\000b\000a\000l\000l}{section.7}% 131
\BOOKMARK [3][-]{subsubsection.7.8.1}{\376\377\000O\000b\000j\000e\000c\000t\000i\000u}{subsection.7.8}% 132
\BOOKMARK [3][-]{subsubsection.7.8.2}{\376\377\000C\000o\000n\000f\000i\000g\000u\000r\000a\000c\000i\000\363}{subsection.7.8}% 133
\BOOKMARK [3][-]{subsubsection.7.8.3}{\376\377\000R\000e\000s\000u\000l\000t\000a\000t\000s}{subsection.7.8}% 134
\BOOKMARK [3][-]{subsubsection.7.8.4}{\376\377\000A\000n\000\340\000l\000i\000s\000i}{subsection.7.8}% 135
\BOOKMARK [1][-]{section.8}{\376\377\000C\000o\000n\000c\000l\000u\000s\000i\000o\000n\000s}{}% 136
\BOOKMARK [2][-]{subsection.8.1}{\376\377\000R\000e\000s\000u\000m\000\040\000d\000e\000l\000\040\000t\000r\000e\000b\000a\000l\000l\000\040\000r\000e\000a\000l\000i\000t\000z\000a\000t}{section.8}% 137
\BOOKMARK [2][-]{subsection.8.2}{\376\377\000O\000b\000j\000e\000c\000t\000i\000u\000s\000\040\000a\000s\000s\000o\000l\000i\000t\000s}{section.8}% 138
\BOOKMARK [2][-]{subsection.8.3}{\376\377\000P\000r\000i\000n\000c\000i\000p\000a\000l\000s\000\040\000c\000o\000n\000c\000l\000u\000s\000i\000o\000n\000s}{section.8}% 139
\BOOKMARK [3][-]{subsubsection.8.3.1}{\376\377\000S\000o\000b\000r\000e\000\040\000l\000a\000\040\000r\000e\000p\000r\000e\000s\000e\000n\000t\000a\000c\000i\000\363\000\040\000i\000\040\000o\000p\000e\000r\000a\000d\000o\000r\000s}{subsection.8.3}% 140
\BOOKMARK [3][-]{subsubsection.8.3.2}{\376\377\000S\000o\000b\000r\000e\000\040\000l\000a\000\040\000f\000u\000n\000c\000i\000\363\000\040\000h\000e\000u\000r\000\355\000s\000t\000i\000c\000a}{subsection.8.3}% 141
\BOOKMARK [3][-]{subsubsection.8.3.3}{\376\377\000S\000o\000b\000r\000e\000\040\000e\000l\000s\000\040\000a\000l\000g\000o\000r\000i\000t\000m\000e\000s}{subsection.8.3}% 142
\BOOKMARK [3][-]{subsubsection.8.3.4}{\376\377\000S\000o\000b\000r\000e\000\040\000e\000l\000\040\000p\000r\000o\000b\000l\000e\000m\000a}{subsection.8.3}% 143
\BOOKMARK [2][-]{subsection.8.4}{\376\377\000V\000a\000l\000o\000r\000a\000c\000i\000\363\000\040\000p\000e\000r\000s\000o\000n\000a\000l}{section.8}% 144
\BOOKMARK [3][-]{subsubsection.8.4.1}{\376\377\000D\000i\000f\000i\000c\000u\000l\000t\000a\000t\000s\000\040\000t\000r\000o\000b\000a\000d\000e\000s}{subsection.8.4}% 145
\BOOKMARK [3][-]{subsubsection.8.4.2}{\376\377\000A\000p\000r\000e\000n\000e\000n\000t\000a\000t\000g\000e\000s\000\040\000p\000r\000i\000n\000c\000i\000p\000a\000l\000s}{subsection.8.4}% 146
\BOOKMARK [3][-]{subsubsection.8.4.3}{\376\377\000V\000a\000l\000o\000r\000a\000c\000i\000\363\000\040\000d\000e\000l\000\040\000t\000r\000e\000b\000a\000l\000l\000\040\000e\000n\000\040\000e\000q\000u\000i\000p}{subsection.8.4}% 147
\BOOKMARK [2][-]{subsection.8.5}{\376\377\000P\000o\000s\000s\000i\000b\000l\000e\000s\000\040\000m\000i\000l\000l\000o\000r\000e\000s\000\040\000i\000\040\000t\000r\000e\000b\000a\000l\000l\000\040\000f\000u\000t\000u\000r}{section.8}% 148
\BOOKMARK [3][-]{subsubsection.8.5.1}{\376\377\000M\000i\000l\000l\000o\000r\000e\000s\000\040\000d\000e\000\040\000l\000a\000\040\000i\000m\000p\000l\000e\000m\000e\000n\000t\000a\000c\000i\000\363\000\040\000a\000c\000t\000u\000a\000l}{subsection.8.5}% 149
\BOOKMARK [3][-]{subsubsection.8.5.2}{\376\377\000E\000x\000t\000e\000n\000s\000i\000o\000n\000s\000\040\000d\000e\000l\000\040\000p\000r\000o\000b\000l\000e\000m\000a}{subsection.8.5}% 150
\BOOKMARK [3][-]{subsubsection.8.5.3}{\376\377\000A\000l\000t\000r\000e\000s\000\040\000a\000l\000g\000o\000r\000i\000t\000m\000e\000s\000\040\000a\000\040\000e\000x\000p\000l\000o\000r\000a\000r}{subsection.8.5}% 151
\BOOKMARK [2][-]{subsection.8.6}{\376\377\000C\000o\000n\000c\000l\000u\000s\000i\000o\000n\000s\000\040\000f\000i\000n\000a\000l\000s}{section.8}% 152
\BOOKMARK [1][-]{appendix.A}{\376\377\000C\000o\000d\000i\000\040\000f\000o\000n\000t\000\040\000p\000r\000i\000n\000c\000i\000p\000a\000l}{}% 153
\BOOKMARK [2][-]{subsection.A.1}{\376\377\000C\000l\000a\000s\000s\000e\000\040\000P\000r\000a\000c\000t\000i\000c\000a\000B\000o\000a\000r\000d}{appendix.A}% 154
