\BOOKMARK [1][-]{section.1}{\376\377\000I\000n\000t\000r\000o\000d\000u\000c\000c\000i\000\363}{}% 1
\BOOKMARK [2][-]{subsection.1.1}{\376\377\000C\000o\000n\000t\000e\000x\000t\000\040\000d\000e\000l\000\040\000p\000r\000o\000b\000l\000e\000m\000a\000\040}{section.1}% 2
\BOOKMARK [2][-]{subsection.1.2}{\376\377\000O\000b\000j\000e\000c\000t\000i\000u\000s}{section.1}% 3
\BOOKMARK [1][-]{section.2}{\376\377\000D\000e\000f\000i\000n\000i\000c\000i\000\363\000\040\000d\000e\000l\000\040\000p\000r\000o\000b\000l\000e\000m\000a}{}% 4
\BOOKMARK [2][-]{subsection.2.1}{\376\377\000I\000n\000t\000r\000o\000d\000u\000c\000c\000i\000\363\000\040\000a\000l\000\040\000p\000r\000o\000b\000l\000e\000m\000a}{section.2}% 5
\BOOKMARK [2][-]{subsection.2.2}{\376\377\000E\000l\000e\000m\000e\000n\000t\000s\000\040\000d\000e\000l\000\040\000p\000r\000o\000b\000l\000e\000m\000a}{section.2}% 6
\BOOKMARK [3][-]{subsubsection.2.2.1}{\376\377\000C\000e\000n\000t\000r\000e\000s\000\040\000d\000e\000\040\000d\000i\000s\000t\000r\000i\000b\000u\000c\000i\000\363\000\040\000i\000\040\000c\000a\000m\000i\000o\000n\000s\000\040\000c\000i\000s\000t\000e\000r\000n\000a}{subsection.2.2}% 7
\BOOKMARK [3][-]{subsubsection.2.2.2}{\376\377\000G\000a\000s\000o\000l\000i\000n\000e\000r\000e\000s\000\040\000i\000\040\000p\000e\000t\000i\000c\000i\000o\000n\000s\000\040\000d\000'\000a\000b\000a\000s\000t\000i\000m\000e\000n\000t}{subsection.2.2}% 8
\BOOKMARK [3][-]{subsubsection.2.2.3}{\376\377\000E\000s\000t\000r\000u\000c\000t\000u\000r\000a\000\040\000d\000'\000u\000n\000\040\000v\000i\000a\000t\000g\000e}{subsection.2.2}% 9
\BOOKMARK [2][-]{subsection.2.3}{\376\377\000M\000o\000d\000e\000l\000\040\000d\000e\000\040\000c\000\340\000l\000c\000u\000l\000\040\000d\000e\000\040\000d\000i\000s\000t\000\340\000n\000c\000i\000e\000s}{section.2}% 10
\BOOKMARK [2][-]{subsection.2.4}{\376\377\000J\000u\000s\000t\000i\000f\000i\000c\000a\000c\000i\000\363\000\040\000c\000o\000m\000\040\000a\000\040\000p\000r\000o\000b\000l\000e\000m\000a\000\040\000d\000e\000\040\000c\000e\000r\000c\000a\000\040\000l\000o\000c\000a\000l}{section.2}% 11
\BOOKMARK [1][-]{section.3}{\376\377\000R\000e\000p\000r\000e\000s\000e\000n\000t\000a\000c\000i\000\363\000\040\000d\000e\000\040\000l\000'\000e\000s\000t\000a\000t}{}% 12
\BOOKMARK [2][-]{subsection.3.1}{\376\377\000L\000a\000\040\000i\000m\000p\000o\000r\000t\000\340\000n\000c\000i\000a\000\040\000d\000e\000\040\000l\000a\000\040\000r\000e\000p\000r\000e\000s\000e\000n\000t\000a\000c\000i\000\363}{section.3}% 13
\BOOKMARK [2][-]{subsection.3.2}{\376\377\000A\000n\000\340\000l\000i\000s\000i\000\040\000p\000r\000e\000v\000i\000\040\000d\000e\000\040\000l\000'\000e\000s\000p\000a\000i\000\040\000d\000e\000\040\000c\000e\000r\000c\000a}{section.3}% 14
\BOOKMARK [3][-]{subsubsection.3.2.1}{\376\377\000C\000\340\000l\000c\000u\000l\000\040\000t\000e\000\362\000r\000i\000c\000\040\000d\000e\000\040\000l\000a\000\040\000m\000i\000d\000a\000\040\000d\000e\000\040\000l\000'\000e\000s\000p\000a\000i}{subsection.3.2}% 15
\BOOKMARK [2][-]{subsection.3.3}{\376\377\000E\000s\000t\000r\000u\000c\000t\000u\000r\000a\000\040\000d\000e\000\040\000d\000a\000d\000e\000s\000\040\000e\000s\000c\000o\000l\000l\000i\000d\000a}{section.3}% 16
\BOOKMARK [3][-]{subsubsection.3.3.1}{\376\377\000C\000o\000m\000p\000o\000n\000e\000n\000t\000s\000\040\000d\000e\000\040\000l\000'\000e\000s\000t\000a\000t}{subsection.3.3}% 17
\BOOKMARK [2][-]{subsection.3.4}{\376\377\000C\000o\000m\000p\000l\000e\000x\000i\000t\000a\000t\000\040\000e\000s\000p\000a\000c\000i\000a\000l\000\040\000i\000\040\000t\000e\000m\000p\000o\000r\000a\000l}{section.3}% 18
\BOOKMARK [3][-]{subsubsection.3.4.1}{\376\377\000C\000o\000m\000p\000l\000e\000x\000i\000t\000a\000t\000\040\000e\000s\000p\000a\000c\000i\000a\000l}{subsection.3.4}% 19
\BOOKMARK [2][-]{subsection.3.5}{\376\377\000A\000l\000t\000e\000r\000n\000a\000t\000i\000v\000e\000s\000\040\000c\000o\000n\000s\000i\000d\000e\000r\000a\000d\000e\000s\000\040\000i\000\040\000d\000e\000s\000c\000a\000r\000t\000a\000d\000e\000s}{section.3}% 20
\BOOKMARK [3][-]{subsubsection.3.5.1}{\376\377\000R\000e\000p\000r\000e\000s\000e\000n\000t\000a\000c\000i\000\363\000\040\000c\000o\000m\000\040\000a\000\040\000l\000l\000i\000s\000t\000a\000\040\000p\000l\000a\000n\000a\000\040\000d\000e\000\040\000t\000u\000p\000l\000e\000s}{subsection.3.5}% 21
\BOOKMARK [3][-]{subsubsection.3.5.2}{\376\377\000R\000e\000p\000r\000e\000s\000e\000n\000t\000a\000c\000i\000\363\000\040\000a\000m\000b\000\040\000g\000r\000a\000f\000s}{subsection.3.5}% 22
\BOOKMARK [3][-]{subsubsection.3.5.3}{\376\377\000R\000e\000p\000r\000e\000s\000e\000n\000t\000a\000c\000i\000\363\000\040\000a\000m\000b\000\040\000i\000n\000f\000o\000r\000m\000a\000c\000i\000\363\000\040\000r\000e\000d\000u\000n\000d\000a\000n\000t}{subsection.3.5}% 23
\BOOKMARK [1][-]{section.4}{\376\377\000E\000s\000t\000r\000a\000t\000\350\000g\000i\000e\000s\000\040\000d\000e\000\040\000g\000e\000n\000e\000r\000a\000c\000i\000\363\000\040\000d\000e\000\040\000l\000a\000\040\000s\000o\000l\000u\000c\000i\000\363\000\040\000i\000n\000i\000c\000i\000a\000l}{}% 24
\BOOKMARK [2][-]{subsection.4.1}{\376\377\000I\000m\000p\000o\000r\000s\000d\000f\000a\000s\000d\000f\000a\000s\000f\000t\000\340\000n\000c\000i\000a\000\040\000d\000e\000\040\000l\000a\000\040\000s\000o\000l\000u\000c\000i\000\363\000\040\000i\000n\000i\000c\000i\000a\000l}{section.4}% 25
\BOOKMARK [2][-]{subsection.4.2}{\376\377\000E\000s\000t\000r\000a\000t\000\350\000g\000i\000e\000s\000\040\000p\000r\000o\000p\000o\000s\000a\000d\000e\000s}{section.4}% 26
\BOOKMARK [3][-]{subsubsection.4.2.1}{\376\377\000E\000s\000t\000r\000a\000t\000\350\000g\000i\000a\000\040\0001\000:\000\040\000S\000o\000l\000u\000c\000i\000\363\000\040\000b\000u\000i\000d\000a}{subsection.4.2}% 27
\BOOKMARK [3][-]{subsubsection.4.2.2}{\376\377\000E\000s\000t\000r\000a\000t\000\350\000g\000i\000a\000\040\0002\000:\000\040\000A\000s\000s\000i\000g\000n\000a\000c\000i\000\363\000\040\000a\000l\000e\000a\000t\000\362\000r\000i\000a}{subsection.4.2}% 28
\BOOKMARK [3][-]{subsubsection.4.2.3}{\376\377\000E\000s\000t\000r\000a\000t\000\350\000g\000i\000a\000\040\0003\000:\000\040\000A\000s\000s\000i\000g\000n\000a\000c\000i\000\363\000\040\000a\000v\000a\000r\000i\000c\000i\000o\000s\000a\000\040\000p\000e\000r\000\040\000b\000e\000n\000e\000f\000i\000c\000i}{subsection.4.2}% 29
\BOOKMARK [3][-]{subsubsection.4.2.4}{\376\377\000E\000s\000t\000r\000a\000t\000\350\000g\000i\000a\000\040\0004\000:\000\040\000A\000s\000s\000i\000g\000n\000a\000c\000i\000\363\000\040\000a\000v\000a\000r\000i\000c\000i\000o\000s\000a\000\040\000p\000e\000r\000\040\000p\000r\000o\000x\000i\000m\000i\000t\000a\000t\000\040\000g\000e\000o\000g\000r\000\340\000f\000i\000c\000a}{subsection.4.2}% 30
\BOOKMARK [2][-]{subsection.4.3}{\376\377\000C\000o\000m\000p\000a\000r\000a\000c\000i\000\363\000\040\000t\000e\000\362\000r\000i\000c\000a\000\040\000d\000e\000\040\000l\000e\000s\000\040\000e\000s\000t\000r\000a\000t\000\350\000g\000i\000e\000s}{section.4}% 31
\BOOKMARK [2][-]{subsection.4.4}{\376\377\000E\000s\000t\000r\000a\000t\000\350\000g\000i\000e\000s\000\040\000e\000s\000c\000o\000l\000l\000i\000d\000e\000s\000\040\000p\000e\000r\000\040\000e\000x\000p\000e\000r\000i\000m\000e\000n\000t\000a\000c\000i\000\363}{section.4}% 32
\BOOKMARK [2][-]{subsection.4.5}{\376\377\000I\000m\000p\000l\000e\000m\000e\000n\000t\000a\000c\000i\000\363\000\040\000d\000e\000\040\000l\000a\000\040\000s\000o\000l\000u\000c\000i\000\363\000\040\000e\000s\000c\000o\000l\000l\000i\000d\000a}{section.4}% 33
\BOOKMARK [2][-]{subsection.4.6}{\376\377\000E\000x\000p\000e\000c\000t\000a\000t\000i\000v\000e\000s\000\040\000p\000e\000r\000\040\000a\000\040\000l\000'\000e\000x\000p\000e\000r\000i\000m\000e\000n\000t\000a\000c\000i\000\363}{section.4}% 34
\BOOKMARK [1][-]{section.5}{\376\377\000F\000u\000n\000c\000i\000\363\000\040\000h\000e\000u\000r\000\355\000s\000t\000i\000c\000a}{}% 35
\BOOKMARK [2][-]{subsection.5.1}{\376\377\000O\000b\000j\000e\000c\000t\000i\000u\000\040\000d\000e\000\040\000l\000a\000\040\000f\000u\000n\000c\000i\000\363\000\040\000h\000e\000u\000r\000\355\000s\000t\000i\000c\000a}{section.5}% 36
\BOOKMARK [2][-]{subsection.5.2}{\376\377\000F\000a\000c\000t\000o\000r\000s\000\040\000q\000u\000e\000\040\000i\000n\000t\000e\000r\000v\000e\000n\000e\000n}{section.5}% 37
\BOOKMARK [3][-]{subsubsection.5.2.1}{\376\377\000B\000e\000n\000e\000f\000i\000c\000i\000\040\000d\000e\000\040\000l\000e\000s\000\040\000p\000e\000t\000i\000c\000i\000o\000n\000s\000\040\000s\000e\000r\000v\000i\000d\000e\000s}{subsection.5.2}% 38
\BOOKMARK [3][-]{subsubsection.5.2.2}{\376\377\000P\000e\000n\000a\000l\000i\000t\000z\000a\000c\000i\000\363\000\040\000d\000e\000\040\000l\000e\000s\000\040\000p\000e\000t\000i\000c\000i\000o\000n\000s\000\040\000n\000o\000\040\000s\000e\000r\000v\000i\000d\000e\000s}{subsection.5.2}% 39
\BOOKMARK [3][-]{subsubsection.5.2.3}{\376\377\000C\000o\000s\000t\000\040\000d\000e\000l\000s\000\040\000q\000u\000i\000l\000\362\000m\000e\000t\000r\000e\000s}{subsection.5.2}% 40
\BOOKMARK [2][-]{subsection.5.3}{\376\377\000F\000u\000n\000c\000i\000o\000n\000s\000\040\000h\000e\000u\000r\000\355\000s\000t\000i\000q\000u\000e\000s\000\040\000p\000r\000o\000p\000o\000s\000a\000d\000e\000s}{section.5}% 41
\BOOKMARK [3][-]{subsubsection.5.3.1}{\376\377\000H\000e\000u\000r\000\355\000s\000t\000i\000c\000a\000\040\000H\0001\000:\000\040\000N\000o\000m\000\351\000s\000\040\000b\000e\000n\000e\000f\000i\000c\000i}{subsection.5.3}% 42
\BOOKMARK [3][-]{subsubsection.5.3.2}{\376\377\000H\000e\000u\000r\000\355\000s\000t\000i\000c\000a\000\040\000H\0002\000:\000\040\000B\000e\000n\000e\000f\000i\000c\000i\000\040\000a\000m\000b\000\040\000p\000e\000n\000a\000l\000i\000t\000z\000a\000c\000i\000\363}{subsection.5.3}% 43
\BOOKMARK [3][-]{subsubsection.5.3.3}{\376\377\000H\000e\000u\000r\000\355\000s\000t\000i\000c\000a\000\040\000H\0003\000:\000\040\000B\000e\000n\000e\000f\000i\000c\000i\000\040\000a\000m\000b\000\040\000p\000o\000n\000d\000e\000r\000a\000c\000i\000o\000n\000s}{subsection.5.3}% 44
\BOOKMARK [2][-]{subsection.5.4}{\376\377\000A\000n\000\340\000l\000i\000s\000i\000\040\000d\000e\000\040\000l\000e\000s\000\040\000p\000o\000n\000d\000e\000r\000a\000c\000i\000o\000n\000s}{section.5}% 45
\BOOKMARK [2][-]{subsection.5.5}{\376\377\000H\000e\000u\000r\000\355\000s\000t\000i\000c\000a\000\040\000e\000s\000c\000o\000l\000l\000i\000d\000a}{section.5}% 46
\BOOKMARK [2][-]{subsection.5.6}{\376\377\000A\000d\000m\000i\000s\000s\000i\000b\000i\000l\000i\000t\000a\000t\000\040\000d\000e\000\040\000l\000a\000\040\000h\000e\000u\000r\000\355\000s\000t\000i\000c\000a}{section.5}% 47
\BOOKMARK [3][-]{subsubsection.5.6.1}{\376\377\000C\000o\000n\000f\000i\000g\000u\000r\000a\000c\000i\000\363}{subsection.5.6}% 48
\BOOKMARK [3][-]{subsubsection.5.6.2}{\376\377\000R\000e\000s\000u\000l\000t\000a\000t\000s}{subsection.5.6}% 49
\BOOKMARK [3][-]{subsubsection.5.6.3}{\376\377\000D\000e\000t\000a\000l\000l\000\040\000p\000e\000r\000\040\000c\000a\000m\000i\000\363}{subsection.5.6}% 50
\BOOKMARK [3][-]{subsubsection.5.6.4}{\376\377\000A\000n\000\340\000l\000i\000s\000i}{subsection.5.6}% 51
\BOOKMARK [2][-]{subsection.5.7}{\376\377\000C\000o\000m\000p\000a\000r\000a\000c\000i\000\363\000\040\000H\000i\000l\000l\000\040\000C\000l\000i\000m\000b\000i\000n\000g\000\040\000v\000s\000\040\000S\000i\000m\000u\000l\000a\000t\000e\000d\000\040\000A\000n\000n\000e\000a\000l\000i\000n\000g}{section.5}% 52
\BOOKMARK [3][-]{subsubsection.5.7.1}{\376\377\000R\000e\000s\000u\000m\000\040\000c\000o\000m\000p\000a\000r\000a\000t\000i\000u}{subsection.5.7}% 53
\BOOKMARK [3][-]{subsubsection.5.7.2}{\376\377\000A\000n\000\340\000l\000i\000s\000i\000\040\000e\000s\000t\000a\000d\000\355\000s\000t\000i\000c\000a}{subsection.5.7}% 54
\BOOKMARK [3][-]{subsubsection.5.7.3}{\376\377\000C\000a\000p\000a\000c\000i\000t\000a\000t\000\040\000d\000'\000e\000s\000c\000a\000p\000a\000r\000\040\000d\000'\000\362\000p\000t\000i\000m\000s\000\040\000l\000o\000c\000a\000l\000s}{subsection.5.7}% 55
\BOOKMARK [2][-]{subsection.5.8}{\376\377\000S\000\355\000n\000t\000e\000s\000i\000\040\000d\000e\000l\000s\000\040\000r\000e\000s\000u\000l\000t\000a\000t\000s\000\040\000e\000x\000p\000e\000r\000i\000m\000e\000n\000t\000a\000l\000s}{section.5}% 56
\BOOKMARK [3][-]{subsubsection.5.8.1}{\376\377\000D\000e\000c\000i\000s\000i\000o\000n\000s\000\040\000v\000a\000l\000i\000d\000a\000d\000e\000s}{subsection.5.8}% 57
\BOOKMARK [3][-]{subsubsection.5.8.2}{\376\377\000C\000o\000n\000c\000l\000u\000s\000i\000o\000n\000s\000\040\000s\000o\000b\000r\000e\000\040\000e\000l\000\040\000p\000r\000o\000b\000l\000e\000m\000a}{subsection.5.8}% 58
\BOOKMARK [3][-]{subsubsection.5.8.3}{\376\377\000L\000l\000i\000\347\000o\000n\000s\000\040\000a\000p\000r\000e\000s\000e\000s}{subsection.5.8}% 59
\BOOKMARK [2][-]{subsection.5.9}{\376\377\000V\000a\000l\000i\000d\000a\000c\000i\000\363\000\040\000d\000e\000\040\000l\000e\000s\000\040\000h\000i\000p\000\362\000t\000e\000s\000i\000s\000\040\000i\000n\000i\000c\000i\000a\000l\000s}{section.5}% 60
\BOOKMARK [1][-]{section.6}{\376\377\000E\000x\000p\000e\000r\000i\000m\000e\000n\000t\000a\000c\000i\000\363}{}% 61
\BOOKMARK [2][-]{subsection.6.1}{\376\377\000M\000e\000t\000o\000d\000o\000l\000o\000g\000i\000a\000\040\000e\000x\000p\000e\000r\000i\000m\000e\000n\000t\000a\000l}{section.6}% 62
\BOOKMARK [3][-]{subsubsection.6.1.1}{\376\377\000C\000o\000n\000d\000i\000c\000i\000o\000n\000s\000\040\000g\000e\000n\000e\000r\000a\000l\000s}{subsection.6.1}% 63
\BOOKMARK [3][-]{subsubsection.6.1.2}{\376\377\000E\000s\000c\000e\000n\000a\000r\000i\000\040\000b\000a\000s\000e}{subsection.6.1}% 64
\BOOKMARK [2][-]{subsection.6.2}{\376\377\000E\000x\000p\000e\000r\000i\000m\000e\000n\000t\000\040\0001\000:\000\040\000C\000o\000m\000p\000a\000r\000a\000c\000i\000\363\000\040\000d\000'\000o\000p\000e\000r\000a\000d\000o\000r\000s}{section.6}% 65
\BOOKMARK [3][-]{subsubsection.6.2.1}{\376\377\000O\000b\000j\000e\000c\000t\000i\000u}{subsection.6.2}% 66
\BOOKMARK [3][-]{subsubsection.6.2.2}{\376\377\000C\000o\000n\000f\000i\000g\000u\000r\000a\000c\000i\000\363}{subsection.6.2}% 67
\BOOKMARK [3][-]{subsubsection.6.2.3}{\376\377\000R\000e\000s\000u\000l\000t\000a\000t\000s}{subsection.6.2}% 68
\BOOKMARK [3][-]{subsubsection.6.2.4}{\376\377\000A\000n\000\340\000l\000i\000s\000i}{subsection.6.2}% 69
\BOOKMARK [2][-]{subsection.6.3}{\376\377\000E\000x\000p\000e\000r\000i\000m\000e\000n\000t\000\040\0002\000:\000\040\000C\000o\000m\000p\000a\000r\000a\000c\000i\000\363\000\040\000d\000e\000\040\000s\000o\000l\000u\000c\000i\000o\000n\000s\000\040\000i\000n\000i\000c\000i\000a\000l\000s}{section.6}% 70
\BOOKMARK [3][-]{subsubsection.6.3.1}{\376\377\000O\000b\000j\000e\000c\000t\000i\000u}{subsection.6.3}% 71
\BOOKMARK [3][-]{subsubsection.6.3.2}{\376\377\000C\000o\000n\000f\000i\000g\000u\000r\000a\000c\000i\000\363}{subsection.6.3}% 72
\BOOKMARK [3][-]{subsubsection.6.3.3}{\376\377\000R\000e\000s\000u\000l\000t\000a\000t\000s}{subsection.6.3}% 73
\BOOKMARK [3][-]{subsubsection.6.3.4}{\376\377\000A\000n\000\340\000l\000i\000s\000i}{subsection.6.3}% 74
\BOOKMARK [2][-]{subsection.6.4}{\376\377\000E\000x\000p\000e\000r\000i\000m\000e\000n\000t\000\040\0003\000:\000\040\000A\000j\000u\000s\000t\000\040\000d\000e\000\040\000p\000a\000r\000\340\000m\000e\000t\000r\000e\000s\000\040\000d\000e\000l\000\040\000S\000i\000m\000u\000l\000a\000t\000e\000d\000\040\000A\000n\000n\000e\000a\000l\000i\000n\000g}{section.6}% 75
\BOOKMARK [3][-]{subsubsection.6.4.1}{\376\377\000O\000b\000j\000e\000c\000t\000i\000u}{subsection.6.4}% 76
\BOOKMARK [3][-]{subsubsection.6.4.2}{\376\377\000C\000o\000n\000f\000i\000g\000u\000r\000a\000c\000i\000\363}{subsection.6.4}% 77
\BOOKMARK [3][-]{subsubsection.6.4.3}{\376\377\000P\000a\000r\000\340\000m\000e\000t\000r\000e\000s\000\040\000e\000x\000p\000l\000o\000r\000a\000t\000s}{subsection.6.4}% 78
\BOOKMARK [3][-]{subsubsection.6.4.4}{\376\377\000M\000e\000t\000o\000d\000o\000l\000o\000g\000i\000a\000\040\000d\000'\000a\000j\000u\000s\000t}{subsection.6.4}% 79
\BOOKMARK [3][-]{subsubsection.6.4.5}{\376\377\000R\000e\000s\000u\000l\000t\000a\000t\000s\000\040\000F\000a\000s\000e\000\040\0001\000:\000\040\000E\000x\000p\000l\000o\000r\000a\000c\000i\000\363\000\040\000i\000n\000i\000c\000i\000a\000l}{subsection.6.4}% 80
\BOOKMARK [3][-]{subsubsection.6.4.6}{\376\377\000A\000n\000\340\000l\000i\000s\000i\000\040\000d\000e\000\040\000l\000a\000\040\000t\000e\000m\000p\000e\000r\000a\000t\000u\000r\000a}{subsection.6.4}% 81
\BOOKMARK [3][-]{subsubsection.6.4.7}{\376\377\000R\000e\000s\000u\000l\000t\000a\000t\000s\000\040\000F\000a\000s\000e\000\040\0003\000:\000\040\000A\000j\000u\000s\000t\000\040\000d\000e\000l\000\040\000n\000o\000m\000b\000r\000e\000\040\000d\000'\000i\000t\000e\000r\000a\000c\000i\000o\000n\000s}{subsection.6.4}% 82
\BOOKMARK [3][-]{subsubsection.6.4.8}{\376\377\000P\000a\000r\000\340\000m\000e\000t\000r\000e\000s\000\040\000f\000i\000n\000a\000l\000s\000\040\000e\000s\000c\000o\000l\000l\000i\000t\000s}{subsection.6.4}% 83
\BOOKMARK [2][-]{subsection.6.5}{\376\377\000E\000x\000p\000e\000r\000i\000m\000e\000n\000t\000\040\0004\000:\000\040\000E\000s\000c\000a\000l\000a\000b\000i\000l\000i\000t\000a\000t\000\040\000t\000e\000m\000p\000o\000r\000a\000l}{section.6}% 84
\BOOKMARK [3][-]{subsubsection.6.5.1}{\376\377\000O\000b\000j\000e\000c\000t\000i\000u}{subsection.6.5}% 85
\BOOKMARK [3][-]{subsubsection.6.5.2}{\376\377\000C\000o\000n\000f\000i\000g\000u\000r\000a\000c\000i\000\363}{subsection.6.5}% 86
\BOOKMARK [3][-]{subsubsection.6.5.3}{\376\377\000R\000e\000s\000u\000l\000t\000a\000t\000s}{subsection.6.5}% 87
\BOOKMARK [3][-]{subsubsection.6.5.4}{\376\377\000A\000n\000\340\000l\000i\000s\000i}{subsection.6.5}% 88
\BOOKMARK [2][-]{subsection.6.6}{\376\377\000E\000x\000p\000e\000r\000i\000m\000e\000n\000t\000\040\0005\000:\000\040\000R\000e\000d\000u\000c\000c\000i\000\363\000\040\000d\000e\000\040\000c\000e\000n\000t\000r\000e\000s\000\040\000a\000m\000b\000\040\000m\000a\000t\000e\000i\000x\000\040\000n\000o\000m\000b\000r\000e\000\040\000d\000e\000\040\000c\000a\000m\000i\000o\000n\000s}{section.6}% 89
\BOOKMARK [3][-]{subsubsection.6.6.1}{\376\377\000O\000b\000j\000e\000c\000t\000i\000u}{subsection.6.6}% 90
\BOOKMARK [3][-]{subsubsection.6.6.2}{\376\377\000C\000o\000n\000f\000i\000g\000u\000r\000a\000c\000i\000\363}{subsection.6.6}% 91
\BOOKMARK [3][-]{subsubsection.6.6.3}{\376\377\000R\000e\000s\000u\000l\000t\000a\000t\000s}{subsection.6.6}% 92
\BOOKMARK [3][-]{subsubsection.6.6.4}{\376\377\000A\000n\000\340\000l\000i\000s\000i}{subsection.6.6}% 93
\BOOKMARK [2][-]{subsection.6.7}{\376\377\000E\000x\000p\000e\000r\000i\000m\000e\000n\000t\000\040\0006\000:\000\040\000V\000a\000r\000i\000a\000c\000i\000\363\000\040\000d\000e\000l\000\040\000c\000o\000s\000t\000\040\000p\000e\000r\000\040\000q\000u\000i\000l\000\362\000m\000e\000t\000r\000e}{section.6}% 94
\BOOKMARK [3][-]{subsubsection.6.7.1}{\376\377\000O\000b\000j\000e\000c\000t\000i\000u}{subsection.6.7}% 95
\BOOKMARK [3][-]{subsubsection.6.7.2}{\376\377\000C\000o\000n\000f\000i\000g\000u\000r\000a\000c\000i\000\363}{subsection.6.7}% 96
\BOOKMARK [3][-]{subsubsection.6.7.3}{\376\377\000R\000e\000s\000u\000l\000t\000a\000t\000s}{subsection.6.7}% 97
\BOOKMARK [3][-]{subsubsection.6.7.4}{\376\377\000A\000n\000\340\000l\000i\000s\000i\000\040\000p\000e\000r\000\040\000p\000r\000o\000p\000o\000r\000c\000i\000\363\000\040\000d\000e\000\040\000d\000i\000e\000s\000\040\000d\000'\000e\000s\000p\000e\000r\000a}{subsection.6.7}% 98
\BOOKMARK [3][-]{subsubsection.6.7.5}{\376\377\000A\000n\000\340\000l\000i\000s\000i}{subsection.6.7}% 99
\BOOKMARK [2][-]{subsection.6.8}{\376\377\000E\000x\000p\000e\000r\000i\000m\000e\000n\000t\000\040\0007\000:\000\040\000V\000a\000r\000i\000a\000c\000i\000\363\000\040\000d\000e\000\040\000l\000e\000s\000\040\000h\000o\000r\000e\000s\000\040\000d\000e\000\040\000t\000r\000e\000b\000a\000l\000l}{section.6}% 100
\BOOKMARK [3][-]{subsubsection.6.8.1}{\376\377\000O\000b\000j\000e\000c\000t\000i\000u}{subsection.6.8}% 101
\BOOKMARK [3][-]{subsubsection.6.8.2}{\376\377\000C\000o\000n\000f\000i\000g\000u\000r\000a\000c\000i\000\363}{subsection.6.8}% 102
\BOOKMARK [3][-]{subsubsection.6.8.3}{\376\377\000R\000e\000s\000u\000l\000t\000a\000t\000s}{subsection.6.8}% 103
\BOOKMARK [3][-]{subsubsection.6.8.4}{\376\377\000A\000n\000\340\000l\000i\000s\000i}{subsection.6.8}% 104
\BOOKMARK [1][-]{section.7}{\376\377\000C\000o\000n\000c\000l\000u\000s\000i\000o\000n\000s}{}% 105
\BOOKMARK [2][-]{subsection.7.1}{\376\377\000R\000e\000s\000u\000m\000\040\000d\000e\000l\000\040\000t\000r\000e\000b\000a\000l\000l\000\040\000r\000e\000a\000l\000i\000t\000z\000a\000t}{section.7}% 106
\BOOKMARK [2][-]{subsection.7.2}{\376\377\000O\000b\000j\000e\000c\000t\000i\000u\000s\000\040\000a\000s\000s\000o\000l\000i\000t\000s}{section.7}% 107
\BOOKMARK [2][-]{subsection.7.3}{\376\377\000P\000r\000i\000n\000c\000i\000p\000a\000l\000s\000\040\000c\000o\000n\000c\000l\000u\000s\000i\000o\000n\000s}{section.7}% 108
\BOOKMARK [3][-]{subsubsection.7.3.1}{\376\377\000S\000o\000b\000r\000e\000\040\000l\000a\000\040\000r\000e\000p\000r\000e\000s\000e\000n\000t\000a\000c\000i\000\363\000\040\000i\000\040\000o\000p\000e\000r\000a\000d\000o\000r\000s}{subsection.7.3}% 109
\BOOKMARK [3][-]{subsubsection.7.3.2}{\376\377\000S\000o\000b\000r\000e\000\040\000l\000a\000\040\000f\000u\000n\000c\000i\000\363\000\040\000h\000e\000u\000r\000\355\000s\000t\000i\000c\000a}{subsection.7.3}% 110
\BOOKMARK [3][-]{subsubsection.7.3.3}{\376\377\000S\000o\000b\000r\000e\000\040\000e\000l\000s\000\040\000a\000l\000g\000o\000r\000i\000t\000m\000e\000s}{subsection.7.3}% 111
\BOOKMARK [3][-]{subsubsection.7.3.4}{\376\377\000S\000o\000b\000r\000e\000\040\000e\000l\000\040\000p\000r\000o\000b\000l\000e\000m\000a}{subsection.7.3}% 112
\BOOKMARK [2][-]{subsection.7.4}{\376\377\000V\000a\000l\000o\000r\000a\000c\000i\000\363\000\040\000p\000e\000r\000s\000o\000n\000a\000l}{section.7}% 113
\BOOKMARK [3][-]{subsubsection.7.4.1}{\376\377\000D\000i\000f\000i\000c\000u\000l\000t\000a\000t\000s\000\040\000t\000r\000o\000b\000a\000d\000e\000s}{subsection.7.4}% 114
\BOOKMARK [3][-]{subsubsection.7.4.2}{\376\377\000A\000p\000r\000e\000n\000e\000n\000t\000a\000t\000g\000e\000s\000\040\000p\000r\000i\000n\000c\000i\000p\000a\000l\000s}{subsection.7.4}% 115
\BOOKMARK [3][-]{subsubsection.7.4.3}{\376\377\000V\000a\000l\000o\000r\000a\000c\000i\000\363\000\040\000d\000e\000l\000\040\000t\000r\000e\000b\000a\000l\000l\000\040\000e\000n\000\040\000e\000q\000u\000i\000p}{subsection.7.4}% 116
\BOOKMARK [2][-]{subsection.7.5}{\376\377\000P\000o\000s\000s\000i\000b\000l\000e\000s\000\040\000m\000i\000l\000l\000o\000r\000e\000s\000\040\000i\000\040\000t\000r\000e\000b\000a\000l\000l\000\040\000f\000u\000t\000u\000r}{section.7}% 117
\BOOKMARK [3][-]{subsubsection.7.5.1}{\376\377\000M\000i\000l\000l\000o\000r\000e\000s\000\040\000d\000e\000\040\000l\000a\000\040\000i\000m\000p\000l\000e\000m\000e\000n\000t\000a\000c\000i\000\363\000\040\000a\000c\000t\000u\000a\000l}{subsection.7.5}% 118
\BOOKMARK [3][-]{subsubsection.7.5.2}{\376\377\000E\000x\000t\000e\000n\000s\000i\000o\000n\000s\000\040\000d\000e\000l\000\040\000p\000r\000o\000b\000l\000e\000m\000a}{subsection.7.5}% 119
\BOOKMARK [3][-]{subsubsection.7.5.3}{\376\377\000A\000l\000t\000r\000e\000s\000\040\000a\000l\000g\000o\000r\000i\000t\000m\000e\000s\000\040\000a\000\040\000e\000x\000p\000l\000o\000r\000a\000r}{subsection.7.5}% 120
\BOOKMARK [2][-]{subsection.7.6}{\376\377\000C\000o\000n\000c\000l\000u\000s\000i\000o\000n\000s\000\040\000f\000i\000n\000a\000l\000s}{section.7}% 121
